-------------------------------------------------
The trace creation timestamp is: Fri Dec 16 08:30:07 16
The executable build timestamp is: Thu Oct 09 18:27:46 14
The datecode is: 2014350
The pro machine type is: i486_nt
The process ID is: 2772
The traceback type is : CRASH
-------------------------------------------------
Exception EXCEPTION_NONCONTINUABLE_EXCEPTION has occurred in the thread 2776.

Main Thread 2776
=====================
0x7C81EB33	NULL (NULL:0) (kernel32:0x7C800000) ( 0xc0000025, 0x1, 0x0, 0x0 ) 
0x00284C61	NULL (NULL:0) (coretools_sh:0x00250000) ( 0x9fe7070, 0xd3af694, 0xd3af698, 0x5ca8ea7 ) 
0x00284CAF	NULL (NULL:0) (coretools_sh:0x00250000) ( 0x9fe7070, 0x9fe7050, 0xd3af6c4, 0x100b0520 ) 
0x05CA8EA7	NULL (NULL:0) (xtop:0x00400000) ( 0x90, 0x0, 0x0, 0xffffffff ) 
0x100B0520	NULL (NULL:0) (coreutils_sh:0x10000000) ( 0x1, 0xd3af7cc, 0x0, 0x0 ) 
0x05CB1084	NULL (NULL:0) (xtop:0x00400000) ( 0xc20854e, 0x19196d88, 0xd3af904, 0xe171aa4 ) 
0x05CAD259	NULL (NULL:0) (xtop:0x00400000) ( 0xd3af7d4, 0xd3af7e0, 0xd3af7e4, 0xd3af7dc ) 
0x05CAD563	NULL (NULL:0) (xtop:0x00400000) ( 0xd3af814, 0xd3af818, 0xd3af808, 0xd3af810 ) 
0x05CADF3F	NULL (NULL:0) (xtop:0x00400000) ( 0xd3af86c, 0xd3af8d8, 0xc208478, 0xd3af8f8 ) 
0x05CB279F	NULL (NULL:0) (xtop:0x00400000) ( 0x19196d88, 0xd3af90c, 0xd3af8d8, 0xd3af908 ) 
0x05D4418C	NULL (NULL:0) (xtop:0x00400000) ( 0x0, 0xd3af9a0, 0xd3af9cc, 0xd3af9c0 ) 
0x05D3A02B	NULL (NULL:0) (xtop:0x00400000) ( 0xd3af9e0, 0xd3af9a0, 0xd3af9cc, 0xd3af9c0 ) 
0x05D42438	NULL (NULL:0) (xtop:0x00400000) ( 0xd3afb1c, 0xd3afb3c, 0xc2488dc, 0xd3afa60 ) 
0x05CBE4B7	NULL (NULL:0) (xtop:0x00400000) ( 0xd3afb1c, 0xd3afb3c, 0x1fff, 0xd3afc2c ) 
0x05CBD3F9	NULL (NULL:0) (xtop:0x00400000) ( 0xd3afb1c, 0xd3afb3c, 0x1fff, 0xd3afc2c ) 
0x05CBF302	NULL (NULL:0) (xtop:0x00400000) ( 0x0, 0x0, 0x0, 0xd3afbac ) 
0x002E4BBE	NULL (NULL:0) (coretools_sh:0x00250000) ( 0x9fe9250, 0xd3afb5c, 0x2, 0x5cbf2c0 ) 
0x05CCBF54	NULL (NULL:0) (xtop:0x00400000) ( 0xd3afc2c, 0x0, 0xc208684, 0xd3afca0 ) 
0x05D5DC04	NULL (NULL:0) (xtop:0x00400000) ( 0x0, 0x0, 0x2, 0xd3afc8c ) 
0x05D56CA1	NULL (NULL:0) (xtop:0x00400000) ( 0xd3afca0, 0x1, 0x0, 0xd3afcf0 ) 
0x002E4BBE	NULL (NULL:0) (coretools_sh:0x00250000) ( 0x9eab974, 0xd3afca0, 0x2, 0x5d56c90 ) 
0x05D5D93D	NULL (NULL:0) (xtop:0x00400000) ( 0x99e0650, 0x0, 0x0, 0x0 ) 
0x02E1C9A0	NULL (NULL:0) (xtop:0x00400000) ( 0xd3aff1c, 0x6e38de2, 0xd3aff58, 0x6e38ce5 ) 
0x01622AFC	NULL (NULL:0) (xtop:0x00400000) ( 0xd3aff58, 0x6e38ce5, 0x2, 0xc2085b8 ) 
0x06E38DE2	NULL (NULL:0) (xtop:0x00400000) ( 0x2, 0xc2085b8, 0x1, 0xc208684 ) 
0x06E38CE5	NULL (NULL:0) (xtop:0x00400000) ( 0x2, 0xc2085b8, 0x0, 0x62357 ) 
0x05CB06BB	NULL (NULL:0) (xtop:0x00400000) ( 0x400000, 0x0, 0x62357, 0xa ) 
0x012B964F	NULL (NULL:0) (xtop:0x00400000) ( 0x718335c1, 0x1d239a3, 0x7ffd5000, 0x8054a6ed ) 

Thread 1732
=====================
0x7C90EB94	NULL (NULL:0) (ntdll:0x7C900000) ( 0x5dc, 0x1f4, 0x0, 0x109fff28 ) 
0x7C802542	NULL (NULL:0) (kernel32:0x7C800000) ( 0x5dc, 0x1f4, 0xe768da0, 0xe768ce0 ) 
0x0039AFEF	NULL (NULL:0) (asyncoremt:0x00370000) ( 0xe768ce0, 0xe768d18, 0xe761eb8, 0xe768da0 ) 
0x003962AE	NULL (NULL:0) (asyncoremt:0x00370000) ( 0xe768d18, 0x9873e, 0xf387168, 0xf386d70 ) 
0x00396694	NULL (NULL:0) (asyncoremt:0x00370000) ( 0xe768d18, 0xbf3ddcba, 0x9873e, 0xf387168 ) 
0x0D63F2E9	NULL (NULL:0) (MSVCR110:0x0D610000) ( 0xd3ae570, 0x109fffec, 0x7c80b50b, 0xf386d70 ) 
0x0D63F2CD	NULL (NULL:0) (MSVCR110:0x0D610000) ( 0xf386d70, 0x9873e, 0xd3ae570, 0xf386d70 ) 

Thread 2792
=====================
0x7C90EB94	NULL (NULL:0) (ntdll:0x7C900000) ( 0x2, 0x111afe44, 0x0, 0xffffffff ) 
0x77D4BBFE	NULL (NULL:0) (USER32:0x77D40000) ( 0x1, 0xe768d90, 0xffffffff, 0x4ff ) 
0x0039AEFC	NULL (NULL:0) (asyncoremt:0x00370000) ( 0x0, 0xf387140, 0xf386c68, 0xe768d68 ) 
0x0039653D	NULL (NULL:0) (asyncoremt:0x00370000) ( 0xe768d68, 0xe7690b8, 0xe761eb8, 0xe7699e0 ) 
0x003962AE	NULL (NULL:0) (asyncoremt:0x00370000) ( 0xe7690b8, 0x9873e, 0xf375c30, 0xf386d70 ) 
0x00396694	NULL (NULL:0) (asyncoremt:0x00370000) ( 0xe7690b8, 0xbeb8dcba, 0x9873e, 0xf375c30 ) 
0x0D63F2E9	NULL (NULL:0) (MSVCR110:0x0D610000) ( 0xd3ae570, 0x111affec, 0x7c80b50b, 0xf386d70 ) 
0x0D63F2CD	NULL (NULL:0) (MSVCR110:0x0D610000) ( 0xf386d70, 0x9873e, 0xd3ae570, 0xf386d70 ) 

Thread 2804
=====================
0x7C90EB94	NULL (NULL:0) (ntdll:0x7C900000) ( 0x4, 0x623dc, 0x0, 0xffffffff ) 
0x00378CAB	NULL (NULL:0) (asyncoremt:0x00370000) ( 0x1195fdf4, 0x10, 0x1195fec0, 0xffffffff ) 
0x00378C2D	NULL (NULL:0) (asyncoremt:0x00370000) ( 0x1195fdf4, 0x10, 0x1195fec0, 0xffffffff ) 
0x00378C73	NULL (NULL:0) (asyncoremt:0x00370000) ( 0x623d0, 0x1195fdf4, 0x10, 0x1195fec0 ) 
0x0037541B	NULL (NULL:0) (asyncoremt:0x00370000) ( 0xffffffff, 0xffffffff, 0xffffffff, 0xe769108 ) 
0x0039AFB2	NULL (NULL:0) (asyncoremt:0x00370000) ( 0xe769108, 0xe7691d8, 0xe761eb8, 0xe76a158 ) 
0x003962AE	NULL (NULL:0) (asyncoremt:0x00370000) ( 0xe7691d8, 0x9873e, 0xf375868, 0xf389c78 ) 
0x00396694	NULL (NULL:0) (asyncoremt:0x00370000) ( 0xe7691d8, 0xbe37dcba, 0x9873e, 0xf375868 ) 
0x0D63F2E9	NULL (NULL:0) (MSVCR110:0x0D610000) ( 0xd3ae570, 0x1195ffec, 0x7c80b50b, 0xf389c78 ) 
0x0D63F2CD	NULL (NULL:0) (MSVCR110:0x0D610000) ( 0xf389c78, 0x9873e, 0xd3ae570, 0xf389c78 ) 

Thread 2796
=====================
0x7C90EB94	NULL (NULL:0) (ntdll:0x7C900000) ( 0x4, 0xf37556c, 0x0, 0xffffffff ) 
0x00378CAB	NULL (NULL:0) (asyncoremt:0x00370000) ( 0x1210fdd4, 0x10, 0x1210fea0, 0xffffffff ) 
0x00378C2D	NULL (NULL:0) (asyncoremt:0x00370000) ( 0x1210fdd4, 0x10, 0x1210fea0, 0xffffffff ) 
0x00378C73	NULL (NULL:0) (asyncoremt:0x00370000) ( 0xf375560, 0x1210fdd4, 0x10, 0x1210fea0 ) 
0x0037541B	NULL (NULL:0) (asyncoremt:0x00370000) ( 0xffffffff, 0xffffffff, 0xffffffff, 0x1 ) 
0x0039B016	NULL (NULL:0) (asyncoremt:0x00370000) ( 0xe7698b0, 0x0, 0xe7698b0, 0xe769cf8 ) 
0x00396CEA	NULL (NULL:0) (asyncoremt:0x00370000) ( 0x769228, 0xf375840, 0xf386c68, 0xe7698b0 ) 
0x0039653D	NULL (NULL:0) (asyncoremt:0x00370000) ( 0xe7698b0, 0xe769990, 0xe761eb8, 0xe769cf8 ) 
0x003962AE	NULL (NULL:0) (asyncoremt:0x00370000) ( 0xe769990, 0xb, 0xf386d70, 0xf375868 ) 
0x00396694	NULL (NULL:0) (asyncoremt:0x00370000) ( 0xe769990, 0xbdb2dcba, 0xb, 0xf386d70 ) 
0x0D63F2E9	NULL (NULL:0) (MSVCR110:0x0D610000) ( 0xb, 0x1210ffec, 0x7c80b50b, 0xf375868 ) 
0x0D63F2CD	NULL (NULL:0) (MSVCR110:0x0D610000) ( 0xf375868, 0xb, 0xb, 0xf375868 ) 

Thread 2828
=====================
0x7C90EB94	NULL (NULL:0) (ntdll:0x7C900000) ( 0x158, 0xffffffff, 0x0, 0x128bfee4 ) 
0x7C802542	NULL (NULL:0) (kernel32:0x7C800000) ( 0x158, 0xffffffff, 0xfa649b8, 0xf389c00 ) 
0x0D46C139	NULL (NULL:0) (baselibmt:0x0D3B0000) ( 0x1860d150, 0xe76c4d8, 0xfa649b8, 0x128bff70 ) 
0x03D19D2D	NULL (NULL:0) (xtop:0x00400000) ( 0xfa649b8, 0xd46b443, 0x450052, 0xf95c990 ) 
0x0D46A366	NULL (NULL:0) (baselibmt:0x0D3B0000) ( 0x376eb8, 0xbd29dcba, 0x450052, 0xf95c990 ) 
0x0D63F2E9	NULL (NULL:0) (MSVCR110:0x0D610000) ( 0x550054, 0x128bffec, 0x7c80b50b, 0xf389c78 ) 
0x0D63F2CD	NULL (NULL:0) (MSVCR110:0x0D610000) ( 0xf389c78, 0x450052, 0x550054, 0xf389c78 ) 

Thread 2832
=====================
0x7C90EB94	NULL (NULL:0) (ntdll:0x7C900000) ( 0x1, 0xf3c90e0, 0x0, 0x3a98 ) 
0x77A89675	NULL (NULL:0) (CRYPT32:0x77A80000) ( 0x1, 0x7c910f46, 0x67, 0xf3c90d8 ) 

Thread 2876
=====================
0x7C90EB94	NULL (NULL:0) (ntdll:0x7C900000) ( 0x0, 0x0, 0x0, 0x0 ) 

Thread 2880
=====================
0x7C90EB94	NULL (NULL:0) (ntdll:0x7C900000) ( 0x3, 0x76a60310, 0x0, 0xffffffff ) 
0x7C809C86	NULL (NULL:0) (kernel32:0x7C800000) ( 0x3, 0x76a60310, 0x0, 0xffffffff ) 
0x769C888D	NULL (NULL:0) (userenv:0x769C0000) ( 0x0, 0x7c90ee18, 0x7c913290, 0x0 ) 

Thread 2664
=====================
0x7C90EB94	NULL (NULL:0) (ntdll:0x7C900000) ( 0x2c4, 0xffffffff, 0x0, 0x148dff28 ) 
0x7C802542	NULL (NULL:0) (kernel32:0x7C800000) ( 0x2c4, 0xffffffff, 0x148dff58, 0x396381 ) 
0x0D3D7BF7	NULL (NULL:0) (baselibmt:0x0D3B0000) ( 0xffffffff, 0xe76c610, 0xe761eb8, 0xe76c660 ) 
0x00396381	NULL (NULL:0) (asyncoremt:0x00370000) ( 0xe76c610, 0x7c900000, 0xfad0af8, 0xfac1fa8 ) 
0x00396694	NULL (NULL:0) (asyncoremt:0x00370000) ( 0xe76c610, 0xbb2fdcba, 0x7c900000, 0xfad0af8 ) 
0x0D63F2E9	NULL (NULL:0) (MSVCR110:0x0D610000) ( 0x1210fa78, 0x148dffec, 0x7c80b50b, 0xfac1fa8 ) 
0x0D63F2CD	NULL (NULL:0) (MSVCR110:0x0D610000) ( 0xfac1fa8, 0x7c900000, 0x1210fa78, 0xfac1fa8 ) 

Thread 3000
=====================
0x7C90EB94	NULL (NULL:0) (ntdll:0x7C900000) ( 0x2, 0x150affac, 0x0, 0xffffffff ) 
0x7C809C86	NULL (NULL:0) (kernel32:0x7C800000) ( 0x2, 0x150affac, 0x0, 0xffffffff ) 
0x05CAB878	NULL (NULL:0) (xtop:0x00400000) ( 0x0, 0xd3ae4c4, 0xa1610, 0x0 ) 

Thread 3068
=====================
0x7C90EB94	NULL (NULL:0) (ntdll:0x7C900000) ( 0xd8, 0x2bf20, 0x0, 0x1d39fedc ) 
0x7C802542	NULL (NULL:0) (kernel32:0x7C800000) ( 0xd8, 0x2bf20, 0x1d39fef8, 0x100b1b1d ) 
0x0D3DC9CE	NULL (NULL:0) (baselibmt:0x0D3B0000) ( 0xe777170, 0x2bf20, 0x1be0db60, 0xe76d728 ) 
0x100B1B1D	NULL (NULL:0) (coreutils_sh:0x10000000) ( 0x1be0db60, 0xd46b443, 0x1a934288, 0x18a74888 ) 
0x0D46A366	NULL (NULL:0) (baselibmt:0x0D3B0000) ( 0x527670, 0xb29bdcba, 0x1a934288, 0x18a74888 ) 
0x0D63F2E9	NULL (NULL:0) (MSVCR110:0x0D610000) ( 0x60007, 0x1d39ffec, 0x7c80b50b, 0x18c6b008 ) 
0x0D63F2CD	NULL (NULL:0) (MSVCR110:0x0D610000) ( 0x18c6b008, 0x1a934288, 0x60007, 0x18c6b008 ) 

Thread 2708
=====================
0x7C90EB94	NULL (NULL:0) (ntdll:0x7C900000) ( 0xfc, 0xffffffff, 0x0, 0x1e94ffec ) 
0x7C802542	NULL (NULL:0) (kernel32:0x7C800000) ( 0xfc, 0xffffffff, 0x1d3bb824, 0x6926f23b ) 
0x6926F286	NULL (NULL:0) (atioglxx:0x69030000) ( 0x215173e6, 0x2150ff96, 0x21517202, 0x2151710d ) 

Thread 3152
=====================
0x7C90EB94	NULL (NULL:0) (ntdll:0x7C900000) ( 0xf4, 0xffffffff, 0x0, 0x1f71ffec ) 
0x7C802542	NULL (NULL:0) (kernel32:0x7C800000) ( 0xf4, 0xffffffff, 0x1d3bb874, 0x6926f23b ) 
0x6926F286	NULL (NULL:0) (atioglxx:0x69030000) ( 0x221d0160, 0x221cfb3e, 0x221d599d, 0x221d58ae ) 
